#
# A fatal error has been detected by the Java Runtime Environment:
#
#  SIGSEGV (0xb) at pc=0x0000000102eadae8, pid=1526, tid=18179
#
# JRE version: Java(TM) SE Runtime Environment (7.0_55-b13) (build 1.7.0_55-b13)
# Java VM: Java HotSpot(TM) 64-Bit Server VM (24.55-b03 mixed mode bsd-amd64 compressed oops)
# Problematic frame:
# V  [libjvm.dylib+0x2adae8]  java_lang_String::length(oopDesc*)+0x54
#
# Failed to write core dump. Core dumps have been disabled. To enable core dumping, try "ulimit -c unlimited" before starting Java again
#
# If you would like to submit a bug report, please visit:
#   http://bugreport.sun.com/bugreport/crash.jsp
#

---------------  T H R E A D  ---------------

Current thread (0x00007f877a076000):  JavaThread "JDWP Transport Listener: dt_socket" daemon [_thread_in_vm, id=18179, stack(0x000000010f7d5000,0x000000010f8d5000)]

siginfo:si_signo=SIGSEGV: si_errno=0, si_code=1 (SEGV_MAPERR), si_addr=0x000000000000000c

Registers:
RAX=0x0000000000000000, RBX=0x00000007c0fa1510, RCX=0x000000000000000c, RDX=0x0000000000000000
RSP=0x000000010f8d4a10, RBP=0x000000010f8d4a10, RSI=0x00007f8779c942f8, RDI=0x00000007c0fa1510
R8 =0x0000000000000000, R9 =0x00007f8779c00000, R10=0x00000000d0d47a63, R11=0xffff807995b7aaa0
R12=0x00007f877a076000, R13=0x00007f8779db15e0, R14=0x0000000000000000, R15=0x0000000000000000
RIP=0x0000000102eadae8, EFLAGS=0x0000000000010202, ERR=0x0000000000000004
  TRAPNO=0x000000000000000e

Top of Stack: (sp=0x000000010f8d4a10)
0x000000010f8d4a10:   000000010f8d4a40 0000000102edd29a
0x000000010f8d4a20:   0000000000000000 0000000000000000
0x000000010f8d4a30:   00000007c0fa1510 00007f877a0761e8
0x000000010f8d4a40:   000000010f8d4ab0 0000000102f04b48
0x000000010f8d4a50:   00007f877a076000 00007f877a076000
0x000000010f8d4a60:   0000000000000000 0000000000000000
0x000000010f8d4a70:   00007f877a0761e8 00007f877a076000
0x000000010f8d4a80:   00007f877a076000 000000010f8d4b08
0x000000010f8d4a90:   00007f8779c942f8 00007f8779db15e0
0x000000010f8d4aa0:   000000010f8d4c90 00007f877a0761e8
0x000000010f8d4ab0:   000000010f8d4ae0 000000010375d52e
0x000000010f8d4ac0:   000000010f8d4c90 000000010377ddc0
0x000000010f8d4ad0:   000000010f8d4b08 0000000103789578
0x000000010f8d4ae0:   000000010f8d4d00 00000001037646b2
0x000000010f8d4af0:   000030dc00000013 0000000000010a00
0x000000010f8d4b00:   00007f8779d59fd0 000000010f8d4b58
0x000000010f8d4b10:   00007f870000012c 000000010f8d4b20
0x000000010f8d4b20:   00007f8700000000 000000010f8d4b58
0x000000010f8d4b30:   0000000000000000 00007f0000000000
0x000000010f8d4b40:   000030dc0000000b 00007fff00002e80
0x000000010f8d4b50:   000000010f8d4b58 0000000000000000
0x000000010f8d4b60:   0000000100005700 7f00000800000000
0x000000010f8d4b70:   000000b8bcda7987 0000000000000000
0x000000010f8d4b80:   0000010100570000 0000650000000000
0x000000010f8d4b90:   0000a8bdda79877f 0000010000000000
0x000000010f8d4ba0:   0001020057000000 0065000000000000
0x000000010f8d4bb0:   00a03fd579877f00 0005000000000000
0x000000010f8d4bc0:   0103005700000000 0600000000000000
0x000000010f8d4bd0:   e822fd79877f0000 0400000000000000
0x000000010f8d4be0:   0400570000000000 0000000000000001
0x000000010f8d4bf0:   6dd579877f00004d 0000000000000070
0x000000010f8d4c00:   005700000000003d 0000000000000105 

Instructions: (pc=0x0000000102eadae8)
0x0000000102eadac8:   eb 16 48 8d 35 ef 2a 4c 00 8a 4e 08 48 d3 e2 48
0x0000000102eadad8:   03 16 eb 04 48 8b 14 0f 84 c0 0f 94 c0 0f b6 c0
0x0000000102eadae8:   8b 44 82 0c 5d c3 8b 04 07 5d c3 90 55 48 89 e5
0x0000000102eadaf8:   f6 87 8d 00 00 00 02 75 04 31 ff eb 23 48 63 87 

Register to memory mapping:

RAX=0x0000000000000000 is an unknown value
RBX=0x00000007c0fa1510 is an oop
java.lang.String 
 - klass: 'java/lang/String'
RCX=0x000000000000000c is an unknown value
RDX=0x0000000000000000 is an unknown value
RSP=0x000000010f8d4a10 is pointing into the stack for thread: 0x00007f877a076000
RBP=0x000000010f8d4a10 is pointing into the stack for thread: 0x00007f877a076000
RSI=0x00007f8779c942f8 is a global jni handle
RDI=0x00000007c0fa1510 is an oop
java.lang.String 
 - klass: 'java/lang/String'
R8 =0x0000000000000000 is an unknown value
R9 =0x00007f8779c00000 is an unknown value
R10=0x00000000d0d47a63 is an unknown value
R11=0xffff807995b7aaa0 is an unknown value
R12=0x00007f877a076000 is a thread
R13=0x00007f8779db15e0 is an unknown value
R14=0x0000000000000000 is an unknown value
R15=0x0000000000000000 is an unknown value


Stack: [0x000000010f7d5000,0x000000010f8d5000],  sp=0x000000010f8d4a10,  free space=1022k
Native frames: (J=compiled Java code, j=interpreted, Vv=VM code, C=native code)
V  [libjvm.dylib+0x2adae8]  java_lang_String::length(oopDesc*)+0x54
V  [libjvm.dylib+0x2dd29a]  java_lang_String::utf8_length(oopDesc*)+0x38
V  [libjvm.dylib+0x304b48]  jni_GetStringUTFChars+0x71
C  [libjdwp.dylib+0x752e]  value+0x96
C  [libjdwp.dylib+0xe6b2]  debugLoop_run+0x1ce
C  [libjdwp.dylib+0x1f132]  attachThread+0x4d
V  [libjvm.dylib+0x373e7e]  JvmtiAgentThread::call_start_function()+0x38
V  [libjvm.dylib+0x4efb17]  JavaThread::thread_main_inner()+0x9b
V  [libjvm.dylib+0x4f121f]  JavaThread::run()+0x1a3
V  [libjvm.dylib+0x41b14e]  java_start(Thread*)+0x126
C  [libsystem_pthread.dylib+0x1899]  _pthread_body+0x8a
C  [libsystem_pthread.dylib+0x172a]  _pthread_struct_init+0x0
C  [libsystem_pthread.dylib+0x5fc9]  thread_start+0xd


---------------  P R O C E S S  ---------------

Java Threads: ( => current thread )
  0x00007f877b05f000 JavaThread "Abandoned connection cleanup thread" daemon [_thread_blocked, id=34827, stack(0x0000000115d2d000,0x0000000115e2d000)]
  0x00007f877b8d8800 JavaThread "TimerQueue" daemon [_thread_blocked, id=57611, stack(0x0000000115c24000,0x0000000115d24000)]
  0x00007f877a8ee800 JavaThread "DestroyJavaVM" [_thread_blocked, id=6403, stack(0x0000000103654000,0x0000000103754000)]
  0x00007f877a166800 JavaThread "AWT-EventQueue-0" [_thread_blocked, id=50179, stack(0x00000001148da000,0x00000001149da000)]
  0x00007f877b8a1800 JavaThread "Java2D Disposer" daemon [_thread_blocked, id=49667, stack(0x000000011476f000,0x000000011486f000)]
  0x00007f877b892800 JavaThread "Java2D Queue Flusher" daemon [_thread_blocked, id=48135, stack(0x000000011426d000,0x000000011436d000)]
  0x00007f877b00e800 JavaThread "AWT-Shutdown" [_thread_blocked, id=29451, stack(0x00000001118d8000,0x00000001119d8000)]
  0x00007f877a8a4800 JavaThread "AppKit Thread" daemon [_thread_in_native, id=3335, stack(0x00007fff5d8d5000,0x00007fff5d955000)]
  0x00007f877a810000 JavaThread "Service Thread" daemon [_thread_blocked, id=20739, stack(0x000000010fce4000,0x000000010fde4000)]
  0x00007f877a077000 JavaThread "C2 CompilerThread1" daemon [_thread_blocked, id=20227, stack(0x000000010fbe1000,0x000000010fce1000)]
  0x00007f877a077800 JavaThread "C2 CompilerThread0" daemon [_thread_blocked, id=19715, stack(0x000000010fade000,0x000000010fbde000)]
  0x00007f877b807800 JavaThread "JDWP Command Reader" daemon [_thread_in_native, id=19203, stack(0x000000010f9db000,0x000000010fadb000)]
  0x00007f877a075800 JavaThread "JDWP Event Helper Thread" daemon [_thread_blocked, id=18691, stack(0x000000010f8d8000,0x000000010f9d8000)]
=>0x00007f877a076000 JavaThread "JDWP Transport Listener: dt_socket" daemon [_thread_in_vm, id=18179, stack(0x000000010f7d5000,0x000000010f8d5000)]
  0x00007f877a06d000 JavaThread "Signal Dispatcher" daemon [_thread_blocked, id=17667, stack(0x000000010f6cc000,0x000000010f7cc000)]
  0x00007f877a058000 JavaThread "Finalizer" daemon [_thread_blocked, id=12547, stack(0x000000010f47c000,0x000000010f57c000)]
  0x00007f877a055800 JavaThread "Reference Handler" daemon [_thread_blocked, id=12035, stack(0x000000010f379000,0x000000010f479000)]

Other Threads:
  0x00007f877b802800 VMThread [stack: 0x000000010f276000,0x000000010f376000] [id=11523]
  0x00007f877a811000 WatcherThread [stack: 0x000000010fde7000,0x000000010fee7000] [id=21251]

VM state:not at safepoint (normal execution)

VM Mutex/Monitor currently owned by a thread: None

Heap
 PSYoungGen      total 57344K, used 16785K [0x00000007c0000000, 0x00000007c4000000, 0x0000000800000000)
  eden space 49152K, 34% used [0x00000007c0000000,0x00000007c1064790,0x00000007c3000000)
  from space 8192K, 0% used [0x00000007c3800000,0x00000007c3800000,0x00000007c4000000)
  to   space 8192K, 0% used [0x00000007c3000000,0x00000007c3000000,0x00000007c3800000)
 ParOldGen       total 131072K, used 0K [0x0000000740000000, 0x0000000748000000, 0x00000007c0000000)
  object space 131072K, 0% used [0x0000000740000000,0x0000000740000000,0x0000000748000000)
 PSPermGen       total 21504K, used 12887K [0x000000073ae00000, 0x000000073c300000, 0x0000000740000000)
  object space 21504K, 59% used [0x000000073ae00000,0x000000073ba95c50,0x000000073c300000)

Card table byte_map: [0x0000000106868000,0x0000000106e92000] byte_map_base: 0x0000000102e91000

Polling page: 0x00000001023fc000

Code Cache  [0x00000001037a8000, 0x0000000103a18000, 0x00000001067a8000)
 total_blobs=524 nmethods=52 adapters=434 free_code_cache=48483Kb largest_free_block=49619840

Compilation events (10 events):
Event: 8.049 Thread 0x00007f877a077000 nmethod 47 0x000000010384d9d0 code [0x000000010384dc40, 0x000000010384f0e8]
Event: 8.049 Thread 0x00007f877a077000   49 %           java.util.Properties$LineReader::readLine @ 21 (452 bytes)
Event: 8.057 Thread 0x00007f877a077000 nmethod 49% 0x0000000103848e10 code [0x0000000103848fe0, 0x0000000103849ae8]
Event: 8.064 Thread 0x00007f877a077800 nmethod 48 0x00000001038530d0 code [0x00000001038532c0, 0x0000000103854f20]
Event: 8.082 Thread 0x00007f877a077000   50 %           com.mysql.jdbc.SingleByteCharsetConverter::<clinit> @ 58 (80 bytes)
Event: 8.085 Thread 0x00007f877a077000 nmethod 50% 0x00000001038403d0 code [0x0000000103840540, 0x00000001038406d8]
Event: 8.132 Thread 0x00007f877a077800   51             java.util.HashMap::get (29 bytes)
Event: 8.135 Thread 0x00007f877a077800 nmethod 51 0x0000000103850b50 code [0x0000000103850cc0, 0x0000000103850f28]
Event: 20.912 Thread 0x00007f877a077000   52             java.util.concurrent.locks.AbstractQueuedSynchronizer::getState (5 bytes)
Event: 20.912 Thread 0x00007f877a077000 nmethod 52 0x0000000103850950 code [0x0000000103850a80, 0x0000000103850ad8]

GC Heap History (0 events):
No events

Deoptimization events (8 events):
Event: 2.563 Thread 0x00007f877a166800 Uncommon trap: reason=class_check action=maybe_recompile pc=0x00000001038203b4 method=java.lang.String.equals(Ljava/lang/Object;)Z @ 8
Event: 2.563 Thread 0x00007f877a166800 Uncommon trap: reason=class_check action=maybe_recompile pc=0x00000001038203b4 method=java.lang.String.equals(Ljava/lang/Object;)Z @ 8
Event: 2.590 Thread 0x00007f877a166800 Uncommon trap: reason=class_check action=maybe_recompile pc=0x00000001038203b4 method=java.lang.String.equals(Ljava/lang/Object;)Z @ 8
Event: 2.590 Thread 0x00007f877a166800 Uncommon trap: reason=class_check action=maybe_recompile pc=0x00000001038203b4 method=java.lang.String.equals(Ljava/lang/Object;)Z @ 8
Event: 8.037 Thread 0x00007f877a166800 Uncommon trap: reason=class_check action=maybe_recompile pc=0x000000010383460c method=java.util.Properties$LineReader.readLine()I @ 62
Event: 8.037 Thread 0x00007f877a166800 Uncommon trap: reason=class_check action=maybe_recompile pc=0x000000010383460c method=java.util.Properties$LineReader.readLine()I @ 62
Event: 8.038 Thread 0x00007f877a166800 Uncommon trap: reason=class_check action=maybe_recompile pc=0x000000010383460c method=java.util.Properties$LineReader.readLine()I @ 62
Event: 8.038 Thread 0x00007f877a166800 Uncommon trap: reason=class_check action=maybe_recompile pc=0x000000010383460c method=java.util.Properties$LineReader.readLine()I @ 62

Internal exceptions (10 events):
Event: 8.117 Thread 0x00007f877a166800 Threw 0x00000007c0f5b0f0 at /HUDSON/workspace/7u-2-build-macosx-x86_64/jdk7u55/869/hotspot/src/share/vm/prims/jvm.cpp:1244
Event: 8.118 Thread 0x00007f877a166800 Threw 0x00000007c0f700e8 at /HUDSON/workspace/7u-2-build-macosx-x86_64/jdk7u55/869/hotspot/src/share/vm/prims/jvm.cpp:1244
Event: 8.122 Thread 0x00007f877a166800 Threw 0x00000007c0f7ee88 at /HUDSON/workspace/7u-2-build-macosx-x86_64/jdk7u55/869/hotspot/src/share/vm/prims/jvm.cpp:1244
Event: 8.127 Thread 0x00007f877a166800 Threw 0x00000007c0f84438 at /HUDSON/workspace/7u-2-build-macosx-x86_64/jdk7u55/869/hotspot/src/share/vm/prims/jvm.cpp:1244
Event: 8.127 Thread 0x00007f877a166800 Threw 0x00000007c0f898e8 at /HUDSON/workspace/7u-2-build-macosx-x86_64/jdk7u55/869/hotspot/src/share/vm/prims/jvm.cpp:1244
Event: 8.128 Thread 0x00007f877a166800 Threw 0x00000007c0f96268 at /HUDSON/workspace/7u-2-build-macosx-x86_64/jdk7u55/869/hotspot/src/share/vm/prims/jvm.cpp:1244
Event: 8.132 Thread 0x00007f877a166800 Threw 0x00000007c0f9bd18 at /HUDSON/workspace/7u-2-build-macosx-x86_64/jdk7u55/869/hotspot/src/share/vm/prims/jvm.cpp:1244
Event: 18.676 Thread 0x00007f877a166800 Threw 0x00000007c0fa11f8 at /HUDSON/workspace/7u-2-build-macosx-x86_64/jdk7u55/869/hotspot/src/share/vm/interpreter/linkResolver.cpp:969
Event: 18.676 Thread 0x00007f877a166800 Threw 0x00000007c0fa11f8 at /HUDSON/workspace/7u-2-build-macosx-x86_64/jdk7u55/869/hotspot/src/share/vm/prims/jvm.cpp:1248
Event: 18.676 Thread 0x00007f877a166800 Threw 0x00000007c0fa11f8 at /HUDSON/workspace/7u-2-build-macosx-x86_64/jdk7u55/869/hotspot/src/share/vm/prims/jvm.cpp:1248

Events (10 events):
Event: 98.129 Executing VM operation: GetOrSetLocal
Event: 98.129 Executing VM operation: GetOrSetLocal done
Event: 98.423 Executing VM operation: EnterInterpOnlyMode
Event: 98.423 Executing VM operation: EnterInterpOnlyMode done
Event: 98.423 Executing VM operation: GetCurrentLocation
Event: 98.423 Executing VM operation: GetCurrentLocation done
Event: 98.423 Executing VM operation: ChangeSingleStep
Event: 98.423 Executing VM operation: ChangeSingleStep done
Event: 98.423 Executing VM operation: ChangeSingleStep
Event: 98.423 Executing VM operation: ChangeSingleStep done


Dynamic libraries:
0x000000000d608000 	/System/Library/Frameworks/Cocoa.framework/Versions/A/Cocoa
0x000000000d608000 	/System/Library/Frameworks/Security.framework/Versions/A/Security
0x000000000d608000 	/System/Library/Frameworks/ApplicationServices.framework/Versions/A/ApplicationServices
0x000000000d608000 	/usr/lib/libz.1.dylib
0x000000000d608000 	/usr/lib/libSystem.B.dylib
0x000000000d608000 	/usr/lib/libobjc.A.dylib
0x000000000d608000 	/System/Library/Frameworks/CoreFoundation.framework/Versions/A/CoreFoundation
0x000000000d608000 	/System/Library/Frameworks/Foundation.framework/Versions/C/Foundation
0x000000000d608000 	/System/Library/Frameworks/AppKit.framework/Versions/C/AppKit
0x000000000d608000 	/System/Library/Frameworks/CoreData.framework/Versions/A/CoreData
0x000000000d608000 	/System/Library/PrivateFrameworks/RemoteViewServices.framework/Versions/A/RemoteViewServices
0x000000000d608000 	/System/Library/Frameworks/AudioToolbox.framework/Versions/A/AudioToolbox
0x000000000d608000 	/System/Library/Frameworks/AudioUnit.framework/Versions/A/AudioUnit
0x000000000d608000 	/System/Library/PrivateFrameworks/DataDetectorsCore.framework/Versions/A/DataDetectorsCore
0x000000000d608000 	/System/Library/PrivateFrameworks/DesktopServicesPriv.framework/Versions/A/DesktopServicesPriv
0x000000000d608000 	/System/Library/Frameworks/Carbon.framework/Versions/A/Frameworks/HIToolbox.framework/Versions/A/HIToolbox
0x000000000d608000 	/System/Library/Frameworks/QuartzCore.framework/Versions/A/QuartzCore
0x000000000d608000 	/System/Library/Frameworks/Carbon.framework/Versions/A/Frameworks/SpeechRecognition.framework/Versions/A/SpeechRecognition
0x000000000d608000 	/usr/lib/libauto.dylib
0x000000000d608000 	/usr/lib/libicucore.A.dylib
0x000000000d608000 	/usr/lib/libxml2.2.dylib
0x000000000d608000 	/System/Library/PrivateFrameworks/CoreUI.framework/Versions/A/CoreUI
0x000000000d608000 	/System/Library/Frameworks/CoreAudio.framework/Versions/A/CoreAudio
0x000000000d608000 	/System/Library/Frameworks/DiskArbitration.framework/Versions/A/DiskArbitration
0x000000000d608000 	/usr/lib/liblangid.dylib
0x000000000d608000 	/System/Library/PrivateFrameworks/MultitouchSupport.framework/Versions/A/MultitouchSupport
0x000000000d608000 	/System/Library/Frameworks/IOKit.framework/Versions/A/IOKit
0x000000000d608000 	/usr/lib/libDiagnosticMessagesClient.dylib
0x000000000d608000 	/System/Library/Frameworks/CoreServices.framework/Versions/A/CoreServices
0x000000000d608000 	/System/Library/PrivateFrameworks/PerformanceAnalysis.framework/Versions/A/PerformanceAnalysis
0x000000000d608000 	/System/Library/PrivateFrameworks/GenerationalStorage.framework/Versions/A/GenerationalStorage
0x000000000d608000 	/System/Library/Frameworks/OpenGL.framework/Versions/A/OpenGL
0x000000000d608000 	/System/Library/PrivateFrameworks/Sharing.framework/Versions/A/Sharing
0x000000000d608000 	/System/Library/Frameworks/ImageIO.framework/Versions/A/ImageIO
0x000000000d608000 	/System/Library/Frameworks/CoreText.framework/Versions/A/CoreText
0x000000000d608000 	/System/Library/Frameworks/CoreGraphics.framework/Versions/A/CoreGraphics
0x000000000d608000 	/System/Library/PrivateFrameworks/Backup.framework/Versions/A/Backup
0x000000000d608000 	/System/Library/Frameworks/CFNetwork.framework/Versions/A/CFNetwork
0x000000000d608000 	/System/Library/Frameworks/SystemConfiguration.framework/Versions/A/SystemConfiguration
0x000000000d608000 	/usr/lib/libCRFSuite.dylib
0x000000000d608000 	/usr/lib/libc++.1.dylib
0x000000000d608000 	/usr/lib/libc++abi.dylib
0x000000000d608000 	/usr/lib/system/libcache.dylib
0x000000000d608000 	/usr/lib/system/libcommonCrypto.dylib
0x000000000d608000 	/usr/lib/system/libcompiler_rt.dylib
0x000000000d608000 	/usr/lib/system/libcopyfile.dylib
0x000000000d608000 	/usr/lib/system/libcorecrypto.dylib
0x000000000d608000 	/usr/lib/system/libdispatch.dylib
0x000000000d608000 	/usr/lib/system/libdyld.dylib
0x000000000d608000 	/usr/lib/system/libkeymgr.dylib
0x000000000d608000 	/usr/lib/system/liblaunch.dylib
0x000000000d608000 	/usr/lib/system/libmacho.dylib
0x000000000d608000 	/usr/lib/system/libquarantine.dylib
0x000000000d608000 	/usr/lib/system/libremovefile.dylib
0x000000000d608000 	/usr/lib/system/libsystem_asl.dylib
0x000000000d608000 	/usr/lib/system/libsystem_blocks.dylib
0x000000000d608000 	/usr/lib/system/libsystem_c.dylib
0x000000000d608000 	/usr/lib/system/libsystem_configuration.dylib
0x000000000d608000 	/usr/lib/system/libsystem_dnssd.dylib
0x000000000d608000 	/usr/lib/system/libsystem_info.dylib
0x000000000d608000 	/usr/lib/system/libsystem_kernel.dylib
0x000000000d608000 	/usr/lib/system/libsystem_m.dylib
0x000000000d608000 	/usr/lib/system/libsystem_malloc.dylib
0x000000000d608000 	/usr/lib/system/libsystem_network.dylib
0x000000000d608000 	/usr/lib/system/libsystem_notify.dylib
0x000000000d608000 	/usr/lib/system/libsystem_platform.dylib
0x000000000d608000 	/usr/lib/system/libsystem_pthread.dylib
0x000000000d608000 	/usr/lib/system/libsystem_sandbox.dylib
0x000000000d608000 	/usr/lib/system/libsystem_stats.dylib
0x000000000d608000 	/usr/lib/system/libunc.dylib
0x000000000d608000 	/usr/lib/system/libunwind.dylib
0x000000000d608000 	/usr/lib/system/libxpc.dylib
0x000000000d608000 	/usr/lib/libbsm.0.dylib
0x000000000d608000 	/usr/lib/libsqlite3.dylib
0x000000000d608000 	/usr/lib/libxar.1.dylib
0x000000000d608000 	/usr/lib/libpam.2.dylib
0x000000000d608000 	/usr/lib/libOpenScriptingUtil.dylib
0x000000000d608000 	/usr/lib/libbz2.1.0.dylib
0x000000000d608000 	/System/Library/Frameworks/CoreServices.framework/Versions/A/Frameworks/CarbonCore.framework/Versions/A/CarbonCore
0x000000000d608000 	/System/Library/Frameworks/CoreServices.framework/Versions/A/Frameworks/Metadata.framework/Versions/A/Metadata
0x000000000d608000 	/System/Library/Frameworks/CoreServices.framework/Versions/A/Frameworks/OSServices.framework/Versions/A/OSServices
0x000000000d608000 	/System/Library/Frameworks/CoreServices.framework/Versions/A/Frameworks/SearchKit.framework/Versions/A/SearchKit
0x000000000d608000 	/System/Library/Frameworks/CoreServices.framework/Versions/A/Frameworks/AE.framework/Versions/A/AE
0x000000000d608000 	/System/Library/Frameworks/CoreServices.framework/Versions/A/Frameworks/LaunchServices.framework/Versions/A/LaunchServices
0x000000000d608000 	/System/Library/Frameworks/CoreServices.framework/Versions/A/Frameworks/DictionaryServices.framework/Versions/A/DictionaryServices
0x000000000d608000 	/System/Library/Frameworks/NetFS.framework/Versions/A/NetFS
0x000000000d608000 	/usr/lib/system/libkxld.dylib
0x000000000d608000 	/System/Library/PrivateFrameworks/NetAuth.framework/Versions/A/NetAuth
0x000000000d608000 	/System/Library/PrivateFrameworks/TCC.framework/Versions/A/TCC
0x000000000d608000 	/System/Library/Frameworks/OpenDirectory.framework/Versions/A/Frameworks/CFOpenDirectory.framework/Versions/A/CFOpenDirectory
0x000000000d608000 	/System/Library/Frameworks/ServiceManagement.framework/Versions/A/ServiceManagement
0x000000000d608000 	/usr/lib/libxslt.1.dylib
0x000000000d608000 	/System/Library/Frameworks/Carbon.framework/Versions/A/Frameworks/Ink.framework/Versions/A/Ink
0x000000000d608000 	/System/Library/Frameworks/ApplicationServices.framework/Versions/A/Frameworks/ATS.framework/Versions/A/ATS
0x000000000d608000 	/System/Library/Frameworks/ApplicationServices.framework/Versions/A/Frameworks/ColorSync.framework/Versions/A/ColorSync
0x000000000d608000 	/System/Library/Frameworks/ApplicationServices.framework/Versions/A/Frameworks/HIServices.framework/Versions/A/HIServices
0x000000000d608000 	/System/Library/Frameworks/ApplicationServices.framework/Versions/A/Frameworks/LangAnalysis.framework/Versions/A/LangAnalysis
0x000000000d608000 	/System/Library/Frameworks/ApplicationServices.framework/Versions/A/Frameworks/PrintCore.framework/Versions/A/PrintCore
0x000000000d608000 	/System/Library/Frameworks/ApplicationServices.framework/Versions/A/Frameworks/QD.framework/Versions/A/QD
0x000000000d608000 	/System/Library/Frameworks/ApplicationServices.framework/Versions/A/Frameworks/SpeechSynthesis.framework/Versions/A/SpeechSynthesis
0x000000000d608000 	/System/Library/Frameworks/IOSurface.framework/Versions/A/IOSurface
0x000000000d608000 	/System/Library/Frameworks/Accelerate.framework/Versions/A/Accelerate
0x000000000d608000 	/System/Library/Frameworks/Accelerate.framework/Versions/A/Frameworks/vImage.framework/Versions/A/vImage
0x000000000d608000 	/System/Library/Frameworks/Accelerate.framework/Versions/A/Frameworks/vecLib.framework/Versions/A/vecLib
0x000000000d608000 	/System/Library/Frameworks/Accelerate.framework/Versions/A/Frameworks/vecLib.framework/Versions/A/libvDSP.dylib
0x000000000d608000 	/System/Library/Frameworks/Accelerate.framework/Versions/A/Frameworks/vecLib.framework/Versions/A/libvMisc.dylib
0x000000000d608000 	/System/Library/Frameworks/Accelerate.framework/Versions/A/Frameworks/vecLib.framework/Versions/A/libLAPACK.dylib
0x000000000d608000 	/System/Library/Frameworks/Accelerate.framework/Versions/A/Frameworks/vecLib.framework/Versions/A/libBLAS.dylib
0x000000000d608000 	/System/Library/Frameworks/ApplicationServices.framework/Versions/A/Frameworks/ATS.framework/Versions/A/Resources/libFontParser.dylib
0x000000000d608000 	/System/Library/Frameworks/ApplicationServices.framework/Versions/A/Frameworks/ATS.framework/Versions/A/Resources/libFontRegistry.dylib
0x000000000d608000 	/System/Library/Frameworks/ImageIO.framework/Versions/A/Resources/libJPEG.dylib
0x000000000d608000 	/System/Library/Frameworks/ImageIO.framework/Versions/A/Resources/libTIFF.dylib
0x000000000d608000 	/System/Library/Frameworks/ImageIO.framework/Versions/A/Resources/libPng.dylib
0x000000000d608000 	/System/Library/Frameworks/ImageIO.framework/Versions/A/Resources/libGIF.dylib
0x000000000d608000 	/System/Library/Frameworks/ImageIO.framework/Versions/A/Resources/libJP2.dylib
0x000000000d608000 	/System/Library/Frameworks/ImageIO.framework/Versions/A/Resources/libRadiance.dylib
0x000000000d608000 	/usr/lib/libcups.2.dylib
0x000000000d608000 	/System/Library/Frameworks/Kerberos.framework/Versions/A/Kerberos
0x000000000d608000 	/System/Library/Frameworks/GSS.framework/Versions/A/GSS
0x000000000d608000 	/usr/lib/libresolv.9.dylib
0x000000000d608000 	/usr/lib/libiconv.2.dylib
0x000000000d608000 	/System/Library/PrivateFrameworks/Heimdal.framework/Versions/A/Heimdal
0x000000000d608000 	/System/Library/PrivateFrameworks/TrustEvaluationAgent.framework/Versions/A/TrustEvaluationAgent
0x000000000d608000 	/usr/lib/libheimdal-asn1.dylib
0x000000000d608000 	/System/Library/Frameworks/OpenDirectory.framework/Versions/A/OpenDirectory
0x000000000d608000 	/System/Library/PrivateFrameworks/CommonAuth.framework/Versions/A/CommonAuth
0x000000000d608000 	/System/Library/Frameworks/SecurityFoundation.framework/Versions/A/SecurityFoundation
0x000000000d608000 	/System/Library/PrivateFrameworks/Bom.framework/Versions/A/Bom
0x000000000d608000 	/System/Library/Frameworks/CoreVideo.framework/Versions/A/CoreVideo
0x000000000d608000 	/System/Library/Frameworks/QuartzCore.framework/Versions/A/Frameworks/CoreImage.framework/Versions/A/CoreImage
0x000000000d608000 	/System/Library/Frameworks/QuartzCore.framework/Versions/A/Frameworks/ScalableUserInterface.framework/Versions/A/ScalableUserInterface
0x000000000d608000 	/System/Library/Frameworks/OpenGL.framework/Versions/A/Libraries/libGLU.dylib
0x000000000d608000 	/System/Library/Frameworks/OpenGL.framework/Versions/A/Libraries/libGFXShared.dylib
0x000000000d608000 	/System/Library/Frameworks/OpenGL.framework/Versions/A/Libraries/libGL.dylib
0x000000000d608000 	/System/Library/Frameworks/OpenGL.framework/Versions/A/Libraries/libGLImage.dylib
0x000000000d608000 	/System/Library/Frameworks/OpenGL.framework/Versions/A/Libraries/libCVMSPluginSupport.dylib
0x000000000d608000 	/System/Library/Frameworks/OpenGL.framework/Versions/A/Libraries/libCoreVMClient.dylib
0x000000000d608000 	/System/Library/PrivateFrameworks/FaceCore.framework/Versions/A/FaceCore
0x000000000d608000 	/System/Library/PrivateFrameworks/CrashReporterSupport.framework/Versions/A/CrashReporterSupport
0x000000000d608000 	/System/Library/Frameworks/OpenCL.framework/Versions/A/OpenCL
0x000000000d608000 	/System/Library/PrivateFrameworks/AppleFSCompression.framework/Versions/A/AppleFSCompression
0x000000000d608000 	/System/Library/PrivateFrameworks/Ubiquity.framework/Versions/A/Ubiquity
0x000000000d608000 	/System/Library/PrivateFrameworks/IconServices.framework/Versions/A/IconServices
0x000000000d608000 	/System/Library/PrivateFrameworks/ChunkingLibrary.framework/Versions/A/ChunkingLibrary
0x000000000d608000 	/System/Library/PrivateFrameworks/CoreSymbolication.framework/Versions/A/CoreSymbolication
0x000000000d608000 	/System/Library/PrivateFrameworks/Symbolication.framework/Versions/A/Symbolication
0x000000000d608000 	/System/Library/PrivateFrameworks/DebugSymbols.framework/Versions/A/DebugSymbols
0x0000000102c00000 	/Library/Java/JavaVirtualMachines/jdk1.7.0_55.jdk/Contents/Home/jre/lib/server/libjvm.dylib
0x000000000d608000 	/usr/lib/libstdc++.6.dylib
0x00000001023bf000 	/Library/Java/JavaVirtualMachines/jdk1.7.0_55.jdk/Contents/Home/jre/lib/libverify.dylib
0x00000001023cc000 	/Library/Java/JavaVirtualMachines/jdk1.7.0_55.jdk/Contents/Home/jre/lib/libjava.dylib
0x0000000103756000 	/Library/Java/JavaVirtualMachines/jdk1.7.0_55.jdk/Contents/Home/jre/lib/libjdwp.dylib
0x0000000103793000 	/Library/Java/JavaVirtualMachines/jdk1.7.0_55.jdk/Contents/Home/jre/lib/libnpt.dylib
0x000000010379f000 	/Library/Java/JavaVirtualMachines/jdk1.7.0_55.jdk/Contents/Home/jre/lib/libzip.dylib
0x000000010f57e000 	/System/Library/Frameworks/JavaVM.framework/Frameworks/JavaRuntimeSupport.framework/JavaRuntimeSupport
0x000000010f596000 	/System/Library/Frameworks/JavaVM.framework/Versions/A/Frameworks/JavaNativeFoundation.framework/Versions/A/JavaNativeFoundation
0x000000010f5ab000 	/System/Library/Frameworks/JavaVM.framework/Versions/A/JavaVM
0x000000000d608000 	/System/Library/Frameworks/Carbon.framework/Versions/A/Carbon
0x000000010f5b8000 	/System/Library/PrivateFrameworks/JavaLaunching.framework/Versions/A/JavaLaunching
0x000000000d608000 	/System/Library/Frameworks/Carbon.framework/Versions/A/Frameworks/CommonPanels.framework/Versions/A/CommonPanels
0x000000000d608000 	/System/Library/Frameworks/Carbon.framework/Versions/A/Frameworks/Help.framework/Versions/A/Help
0x000000000d608000 	/System/Library/Frameworks/Carbon.framework/Versions/A/Frameworks/ImageCapture.framework/Versions/A/ImageCapture
0x000000000d608000 	/System/Library/Frameworks/Carbon.framework/Versions/A/Frameworks/OpenScripting.framework/Versions/A/OpenScripting
0x000000000d608000 	/System/Library/Frameworks/Carbon.framework/Versions/A/Frameworks/Print.framework/Versions/A/Print
0x000000000d608000 	/System/Library/Frameworks/Carbon.framework/Versions/A/Frameworks/SecurityHI.framework/Versions/A/SecurityHI
0x000000010f7ce000 	/Library/Java/JavaVirtualMachines/jdk1.7.0_55.jdk/Contents/Home/jre/lib/libdt_socket.dylib
0x000000010ff48000 	/Library/Java/JavaVirtualMachines/jdk1.7.0_55.jdk/Contents/Home/jre/lib/libawt.dylib
0x000000010fff7000 	/Library/Java/JavaVirtualMachines/jdk1.7.0_55.jdk/Contents/Home/jre/lib/./libmlib_image.dylib
0x00000001100c3000 	/Library/Java/JavaVirtualMachines/jdk1.7.0_55.jdk/Contents/Home/jre/lib/lwawt/liblwawt.dylib
0x0000000110177000 	/Library/Java/JavaVirtualMachines/jdk1.7.0_55.jdk/Contents/Home/jre/lib/libosxapp.dylib
0x000000000d608000 	/System/Library/Frameworks/ExceptionHandling.framework/Versions/A/ExceptionHandling
0x000000000d608000 	/System/Library/PrivateFrameworks/CoreServicesInternal.framework/Versions/A/CoreServicesInternal
0x000000000d608000 	/System/Library/PrivateFrameworks/Librarian.framework/Versions/A/Librarian
0x000000000d608000 	/System/Library/Frameworks/CoreGraphics.framework/Versions/A/Resources/libCGCMS.A.dylib
0x000000000d608000 	/System/Library/Frameworks/CoreGraphics.framework/Versions/A/Resources/libRIP.A.dylib
0x000000000d608000 	/System/Library/Frameworks/CoreGraphics.framework/Versions/A/Resources/libCGXType.A.dylib
0x000000000d608000 	/System/Library/PrivateFrameworks/FamilyControls.framework/Versions/A/FamilyControls
0x000000000d608000 	/System/Library/PrivateFrameworks/CommerceKit.framework/Versions/A/Frameworks/CommerceCore.framework/Versions/A/CommerceCore
0x000000000d608000 	/System/Library/PrivateFrameworks/SystemAdministration.framework/Versions/A/SystemAdministration
0x000000000d608000 	/System/Library/Frameworks/DirectoryService.framework/Versions/A/DirectoryService
0x000000000d608000 	/System/Library/PrivateFrameworks/DiskImages.framework/Versions/A/DiskImages
0x000000000d608000 	/System/Library/PrivateFrameworks/LoginUIKit.framework/Versions/A/Frameworks/LoginUICore.framework/Versions/A/LoginUICore
0x000000000d608000 	/usr/lib/libCoreStorage.dylib
0x000000000d608000 	/usr/lib/libcsfde.dylib
0x000000000d608000 	/usr/lib/libodfde.dylib
0x000000000d608000 	/System/Library/Frameworks/DiscRecording.framework/Versions/A/DiscRecording
0x000000000d608000 	/usr/lib/libcurl.4.dylib
0x000000000d608000 	/System/Library/PrivateFrameworks/MediaKit.framework/Versions/A/MediaKit
0x000000000d608000 	/System/Library/PrivateFrameworks/EFILogin.framework/Versions/A/EFILogin
0x000000000d608000 	/usr/lib/libutil.dylib
0x000000000d608000 	/System/Library/PrivateFrameworks/AOSNotification.framework/Versions/A/AOSNotification
0x000000000d608000 	/System/Library/Frameworks/LDAP.framework/Versions/A/LDAP
0x000000000d608000 	/usr/lib/libsasl2.2.dylib
0x000000000d608000 	/usr/lib/libcrypto.0.9.8.dylib
0x000000000d608000 	/usr/lib/libssl.0.9.8.dylib
0x000000000d608000 	/System/Library/Frameworks/OpenGL.framework/Versions/A/Resources/GLEngine.bundle/GLEngine
0x000000000d608000 	/System/Library/Frameworks/OpenGL.framework/Versions/A/Libraries/libGLProgrammability.dylib
0x0000000000000000 	/System/Library/Extensions/AMDRadeonX3000GLDriver.bundle/Contents/MacOS/AMDRadeonX3000GLDriver
0x000000000d608000 	/System/Library/PrivateFrameworks/IOAccelerator.framework/Versions/A/IOAccelerator
0x000000000d608000 	/System/Library/PrivateFrameworks/GPUSupport.framework/Versions/A/Libraries/libGPUSupportMercury.dylib
0x000000000d608000 	/System/Library/Frameworks/OpenGL.framework/Versions/A/Resources/GLRendererFloat.bundle/GLRendererFloat
0x000000000d608000 	/System/Library/Frameworks/OpenCL.framework/Versions/A/Libraries/libcldcpuengine.dylib
0x0000000114871000 	/Library/Java/JavaVirtualMachines/jdk1.7.0_55.jdk/Contents/Home/jre/lib/libfontmanager.dylib
0x0000000112928000 	/Library/Java/JavaVirtualMachines/jdk1.7.0_55.jdk/Contents/Home/jre/lib/libosxui.dylib
0x0000000115527000 	/Library/Java/JavaVirtualMachines/jdk1.7.0_55.jdk/Contents/Home/jre/lib/libnet.dylib
0x0000000115474000 	/Library/Java/JavaVirtualMachines/jdk1.7.0_55.jdk/Contents/Home/jre/lib/libnio.dylib

VM Arguments:
jvm_args: -agentlib:jdwp=transport=dt_socket,suspend=y,address=localhost:53222 -Dfile.encoding=US-ASCII 
java_command: view.Main
Launcher Type: SUN_STANDARD

Environment Variables:
PATH=/usr/bin:/bin:/usr/sbin:/sbin
SHELL=/bin/bash

Signal Handlers:
SIGSEGV: [libjvm.dylib+0x5253e5], sa_mask[0]=0xfffefeff, sa_flags=0x00000043
SIGBUS: [libjvm.dylib+0x5253e5], sa_mask[0]=0xfffefeff, sa_flags=0x00000042
SIGFPE: [libjvm.dylib+0x4188a2], sa_mask[0]=0xfffefeff, sa_flags=0x00000042
SIGPIPE: [libjvm.dylib+0x4188a2], sa_mask[0]=0xfffefeff, sa_flags=0x00000042
SIGXFSZ: [libjvm.dylib+0x4188a2], sa_mask[0]=0xfffefeff, sa_flags=0x00000042
SIGILL: [libjvm.dylib+0x4188a2], sa_mask[0]=0xfffefeff, sa_flags=0x00000042
SIGUSR1: SIG_DFL, sa_mask[0]=0x00000000, sa_flags=0x00000002
SIGUSR2: [libjvm.dylib+0x418394], sa_mask[0]=0x00000004, sa_flags=0x00000042
SIGHUP: [libjvm.dylib+0x416623], sa_mask[0]=0xfffefeff, sa_flags=0x00000042
SIGINT: [libjvm.dylib+0x416623], sa_mask[0]=0xfffefeff, sa_flags=0x00000042
SIGTERM: [libjvm.dylib+0x416623], sa_mask[0]=0xfffefeff, sa_flags=0x00000042
SIGQUIT: [libjvm.dylib+0x416623], sa_mask[0]=0xfffefeff, sa_flags=0x00000042


---------------  S Y S T E M  ---------------

OS:Bsduname:Darwin 13.3.0 Darwin Kernel Version 13.3.0: Tue Jun  3 21:27:35 PDT 2014; root:xnu-2422.110.17~1/RELEASE_X86_64 x86_64
rlimit: STACK 8192k, CORE 0k, NPROC 709, NOFILE 10240, AS infinity
load average:1.58 1.23 1.16

CPU:total 4 (4 cores per cpu, 1 threads per core) family 6 model 42 stepping 7, cmov, cx8, fxsr, mmx, sse, sse2, sse3, ssse3, sse4.1, sse4.2, popcnt, avx, aes, tsc, tscinvbit

Memory: 4k page, physical 12582912k(3145728k free)

/proc/meminfo:


vm_info: Java HotSpot(TM) 64-Bit Server VM (24.55-b03) for bsd-amd64 JRE (1.7.0_55-b13), built on Mar 17 2014 19:40:08 by "java_re" with gcc 4.2.1 (Based on Apple Inc. build 5658) (LLVM build 2336.11.00)

time: Sun Sep  7 21:28:33 2014
elapsed time: 98 seconds

